Array
(
    [0] => all
)
Array
(
    [0] => one
    [1] => irozhlas.cz
)
Array
(
    [0] => zpravy
    [1] => irozhlas.cz
)
Array
(
    [0] => one
    [1] => Sport.cz
)
Array
(
    [0] => one
    [1] => Sport.cz
)
Array
(
    [0] => zpravy
    [1] => Sport.cz
)
Array
(
    [0] => zpravy
    [1] => idnes.cz-sport
)
Array
(
    [0] => one
    [1] => idnes.cz-sport
)
Array
(
    [0] => zpravy
    [1] => idnes.cz-sport
)
Array
(
    [0] => one
    [1] => idnes.cz-sport
)
Array
(
    [0] => one
    [1] => all
)
Array
(
    [0] => all
)
Array
(
    [0] => all
)
Array
(
    [0] => all
)
Array
(
    [0] => zpravy
    [1] => Sport.cz
)
